::1 - - [18/Oct/2019:02:17:20 +0000] "GET /newsfeed/ HTTP/1.1" 404 148
::1 - - [18/Oct/2019:02:17:28 +0000] "GET /api/newsfeed/ HTTP/1.1" 404 152
::1 - - [18/Oct/2019:02:18:05 +0000] "GET /api/newsfeed/1 HTTP/1.1" 404 153
::1 - - [18/Oct/2019:02:18:13 +0000] "GET /newsfeed/1 HTTP/1.1" 404 149
::1 - - [18/Oct/2019:02:18:46 +0000] "GET /NewsFeed/ HTTP/1.1" 404 148
::1 - - [18/Oct/2019:02:18:52 +0000] "GET /api/newsfeed/ HTTP/1.1" 404 152
::1 - - [18/Oct/2019:02:20:23 +0000] "GET /api/newsfeed/ HTTP/1.1" 404 152
::1 - - [18/Oct/2019:02:36:29 +0000] "GET / HTTP/1.1" 404 139
::1 - - [18/Oct/2019:02:36:36 +0000] "GET /api/newsfeed/ HTTP/1.1" 404 152
::1 - - [24/Oct/2019:12:56:23 +0000] "GET /api/iwa-api/getApplicationInfo HTTP/1.1" 404 169
::1 - - [24/Oct/2019:12:56:23 +0000] "GET /api/iwa-api/getApplicationInfo HTTP/1.1" 404 169
::1 - - [24/Oct/2019:12:56:35 +0000] "GET /api/iwa-api/getApplicationInfo HTTP/1.1" 404 169
::1 - - [24/Oct/2019:12:56:35 +0000] "GET /api/iwa-api/getApplicationInfo HTTP/1.1" 404 169
::1 - - [24/Oct/2019:12:56:36 +0000] "GET /api/iwa-api/getProvincesStates HTTP/1.1" 404 169
::1 - - [24/Oct/2019:12:56:36 +0000] "GET /api/iwa-api/getLanguageCodes HTTP/1.1" 404 167
::1 - - [24/Oct/2019:12:56:36 +0000] "GET /api/iwa-api/getApplicantBioData HTTP/1.1" 404 170
::1 - - [24/Oct/2019:12:56:36 +0000] "POST /api/iwa-api/getApplicationInfoAgent HTTP/1.1" 404 175
::1 - - [24/Oct/2019:13:48:34 +0000] "GET /api/iwa-api/getApplicationInfo HTTP/1.1" 404 169
::1 - - [24/Oct/2019:13:48:34 +0000] "GET /api/iwa-api/getApplicationInfo HTTP/1.1" 404 169
::1 - - [24/Oct/2019:13:48:35 +0000] "GET /api/iwa-api/getProvincesStates HTTP/1.1" 404 169
::1 - - [24/Oct/2019:13:48:35 +0000] "GET /api/iwa-api/getLanguageCodes HTTP/1.1" 404 167
::1 - - [24/Oct/2019:13:48:35 +0000] "GET /api/iwa-api/getApplicantBioData HTTP/1.1" 404 170
::1 - - [24/Oct/2019:13:48:35 +0000] "POST /api/iwa-api/getApplicationInfoAgent HTTP/1.1" 404 175
::1 - - [24/Oct/2019:13:49:10 +0000] "GET /api/iwa-api/getApplicationInfo HTTP/1.1" 404 169
::1 - - [24/Oct/2019:13:49:22 +0000] "GET /iwa-api/getApplicationInfo HTTP/1.1" 404 165
::1 - - [24/Oct/2019:14:39:20 +0000] "GET /api/iwa-api/getApplicationInfo HTTP/1.1" 404 169
::1 - - [24/Oct/2019:14:39:20 +0000] "GET /api/iwa-api/getApplicationInfo HTTP/1.1" 404 169
::1 - - [24/Oct/2019:14:39:21 +0000] "GET /api/iwa-api/getProvincesStates HTTP/1.1" 404 169
::1 - - [24/Oct/2019:14:39:21 +0000] "GET /api/iwa-api/getLanguageCodes HTTP/1.1" 404 167
::1 - - [24/Oct/2019:14:39:21 +0000] "GET /api/iwa-api/getApplicantBioData HTTP/1.1" 404 170
::1 - - [24/Oct/2019:14:39:21 +0000] "POST /api/iwa-api/getApplicationInfoAgent HTTP/1.1" 404 175
::1 - - [24/Oct/2019:19:11:47 +0000] "POST /api/iwa-api/storeApplicantBioData HTTP/1.1" 404 173
::1 - - [24/Oct/2019:19:12:12 +0000] "POST /api/iwa-api/storeApplicantBioData HTTP/1.1" 404 173
::1 - - [24/Oct/2019:19:12:22 +0000] "POST /api/iwa-api/storeApplicantBioData HTTP/1.1" 404 173
::1 - - [24/Oct/2019:19:12:31 +0000] "POST /api/iwa-api/storeApplicantBioData HTTP/1.1" 404 173
::1 - - [28/Oct/2019:12:05:11 +0000] "GET /api/iwa-api/getApplicationInfo HTTP/1.1" 404 169
::1 - - [28/Oct/2019:12:05:11 +0000] "GET /api/iwa-api/getApplicationInfo HTTP/1.1" 404 169
::1 - - [28/Oct/2019:12:05:13 +0000] "GET /api/iwa-api/getLanguageCodes HTTP/1.1" 404 167
::1 - - [28/Oct/2019:12:05:13 +0000] "GET /api/iwa-api/getProvincesStates HTTP/1.1" 404 169
::1 - - [28/Oct/2019:12:05:13 +0000] "GET /api/iwa-api/getApplicantBioData HTTP/1.1" 404 170
::1 - - [28/Oct/2019:12:05:13 +0000] "POST /api/iwa-api/getApplicationInfoAgent HTTP/1.1" 404 175
::1 - - [28/Oct/2019:12:05:21 +0000] "GET /api/iwa-api/getApplicationInfo HTTP/1.1" 404 169
::1 - - [28/Oct/2019:12:05:21 +0000] "GET /api/iwa-api/getApplicationInfo HTTP/1.1" 404 169
::1 - - [28/Oct/2019:12:05:58 +0000] "GET /api/iwa-api/getApplicationInfo HTTP/1.1" 404 169
::1 - - [28/Oct/2019:12:05:58 +0000] "GET /api/iwa-api/getApplicationInfo HTTP/1.1" 404 169
::1 - - [28/Oct/2019:12:06:00 +0000] "GET /api/iwa-api/getProvincesStates HTTP/1.1" 404 169
::1 - - [28/Oct/2019:12:06:00 +0000] "GET /api/iwa-api/getLanguageCodes HTTP/1.1" 404 167
::1 - - [28/Oct/2019:12:06:00 +0000] "GET /api/iwa-api/getApplicantBioData HTTP/1.1" 404 170
::1 - - [28/Oct/2019:12:06:00 +0000] "POST /api/iwa-api/getApplicationInfoAgent HTTP/1.1" 404 175
::1 - - [28/Oct/2019:14:25:31 +0000] "GET /api/iwa-api/getApplicationInfo HTTP/1.1" 404 169
::1 - - [28/Oct/2019:14:25:31 +0000] "GET /api/iwa-api/getApplicationInfo HTTP/1.1" 404 169
::1 - - [28/Oct/2019:14:25:32 +0000] "GET /api/iwa-api/getLanguageCodes HTTP/1.1" 404 167
::1 - - [28/Oct/2019:14:25:32 +0000] "GET /api/iwa-api/getProvincesStates HTTP/1.1" 404 169
::1 - - [28/Oct/2019:14:25:32 +0000] "GET /api/iwa-api/getApplicantBioData HTTP/1.1" 404 170
::1 - - [28/Oct/2019:14:25:33 +0000] "POST /api/iwa-api/getApplicationInfoAgent HTTP/1.1" 404 175
::1 - - [28/Oct/2019:14:25:47 +0000] "GET /api/iwa-api/getApplicationInfo HTTP/1.1" 404 169
::1 - - [28/Oct/2019:14:25:49 +0000] "GET /api/iwa-api/getApplicantBioData HTTP/1.1" 404 170
::1 - - [28/Oct/2019:14:25:49 +0000] "GET /api/iwa-api/getProvincesStates HTTP/1.1" 404 169
::1 - - [28/Oct/2019:14:25:49 +0000] "GET /api/iwa-api/getLanguageCodes HTTP/1.1" 404 167
::1 - - [28/Oct/2019:14:25:49 +0000] "GET /api/iwa-api/getApplicantBioData HTTP/1.1" 404 170
::1 - - [28/Oct/2019:14:25:49 +0000] "GET /api/iwa-api/getProvincesStates HTTP/1.1" 404 169
::1 - - [28/Oct/2019:14:25:49 +0000] "GET /api/iwa-api/getLanguageCodes HTTP/1.1" 404 167
::1 - - [28/Oct/2019:14:25:49 +0000] "GET /api/iwa-api/getApplicantBioData HTTP/1.1" 404 170
::1 - - [28/Oct/2019:14:29:10 +0000] "GET /api/iwa-api/getApplicationInfo HTTP/1.1" 404 169
::1 - - [28/Oct/2019:14:29:10 +0000] "GET /api/iwa-api/getApplicationInfo HTTP/1.1" 404 169
::1 - - [28/Oct/2019:14:29:11 +0000] "GET /api/iwa-api/getProvincesStates HTTP/1.1" 404 169
::1 - - [28/Oct/2019:14:29:11 +0000] "GET /api/iwa-api/getLanguageCodes HTTP/1.1" 404 167
::1 - - [28/Oct/2019:14:29:11 +0000] "GET /api/iwa-api/getApplicantBioData HTTP/1.1" 404 170
::1 - - [28/Oct/2019:14:29:11 +0000] "POST /api/iwa-api/getApplicationInfoAgent HTTP/1.1" 404 175
::1 - - [29/Oct/2019:02:07:10 +0000] "GET /api/iwa-api/getApplicationInfo HTTP/1.1" 404 169
::1 - - [29/Oct/2019:02:07:10 +0000] "GET /api/iwa-api/getApplicationInfo HTTP/1.1" 404 169
::1 - - [29/Oct/2019:02:07:17 +0000] "GET /api/iwa-api/getApplicationInfo HTTP/1.1" 404 169
::1 - - [29/Oct/2019:02:07:17 +0000] "GET /api/iwa-api/getApplicationInfo HTTP/1.1" 404 169
::1 - - [29/Oct/2019:02:18:04 +0000] "GET /api/iwa-api/getApplicationInfo HTTP/1.1" 404 169
::1 - - [29/Oct/2019:02:18:05 +0000] "GET /api/iwa-api/getApplicationInfo HTTP/1.1" 404 169
::1 - - [28/Oct/2021:14:54:53 +0000] "GET /api/iwa-api/getApplicationInfo HTTP/1.1" 404 169
::1 - - [28/Oct/2021:14:54:53 +0000] "GET /api/iwa-api/getApplicationInfo HTTP/1.1" 404 169
::1 - - [28/Oct/2021:14:55:36 +0000] "GET /api/iwa-api/getApplicationInfo HTTP/1.1" 404 169
::1 - - [28/Oct/2021:14:55:37 +0000] "GET /api/iwa-api/getApplicationInfo HTTP/1.1" 404 169
::1 - - [28/Oct/2021:14:56:30 +0000] "GET /api/iwa-api/getApplicationInfo HTTP/1.1" 404 169
::1 - - [28/Oct/2021:14:56:30 +0000] "GET /api/iwa-api/getApplicationInfo HTTP/1.1" 404 169
::1 - - [28/Oct/2021:15:02:28 +0000] "GET /api/iwa-api/getApplicationInfo HTTP/1.1" 404 169
::1 - - [28/Oct/2021:15:02:28 +0000] "GET /api/iwa-api/getApplicationInfo HTTP/1.1" 404 169
::1 - - [28/Oct/2021:15:02:48 +0000] "GET /api/iwa-api/getApplicationInfo HTTP/1.1" 404 169
::1 - - [28/Oct/2021:15:02:48 +0000] "GET /api/iwa-api/getApplicationInfo HTTP/1.1" 404 169
